<?xml version="1.0" encoding="UTF-8"?>
<!-- Generated by org.testng.reporters.JUnitReportReporter -->
<testsuite hostname="WBOX62" failures="0" tests="7" name="Resources.BDEClass" time="210.832" errors="0" timestamp="2024-03-07T18:48:56 IST" skipped="0">
  <testcase classname="Resources.BDEClass" name="getLogin" time="12.735"/>
  <system-out/>
  <testcase classname="Resources.BDEClass" name="addLeadComapnyDeatail" time="76.106"/>
  <system-out/>
  <testcase classname="Resources.BDEClass" name="productDetails" time="39.308"/>
  <system-out/>
  <testcase classname="Resources.BDEClass" name="addMeetingForProspect" time="17.074"/>
  <system-out/>
  <testcase classname="Resources.BDEClass" name="prospect" time="31.841"/>
  <system-out/>
  <testcase classname="Resources.BDEClass" name="todaysFollowup" time="27.280"/>
  <system-out/>
  <testcase classname="Resources.BDEClass" name="getLogout" time="6.488"/>
  <system-out/>
</testsuite> <!-- Resources.BDEClass -->
