<?xml version="1.0" encoding="UTF-8"?>
<!-- Generated by org.testng.reporters.JUnitReportReporter -->
<testsuite hostname="WBOX62" failures="0" tests="1" name="tests.ReadExcel" time="1.241" errors="0" timestamp="2024-01-05T17:51:12 IST" skipped="0">
  <testcase classname="tests.ReadExcel" name="readFile" time="1.241"/>
  <system-out/>
</testsuite> <!-- tests.ReadExcel -->
