<?xml version="1.0" encoding="UTF-8"?>
<!-- Generated by org.testng.reporters.JUnitReportReporter -->
<testsuite hostname="WBOX62" failures="0" tests="5" name="Resources.BDMClass" time="134.002" errors="3" timestamp="2024-03-07T18:48:56 IST" skipped="0">
  <testcase classname="Resources.BDMClass" name="getLogin" time="12.917"/>
  <system-out/>
  <testcase classname="Resources.BDMClass" name="potentialConversionRequestAccept" time="30.612"/>
  <system-out/>
  <testcase classname="Resources.BDMClass" name="addMeetingForPotential" time="23.993">
    <error message="The element &#039;By.xpath: //android.widget.ImageButton[@resource-id=&quot;com.ssi.agroworlds:id/createMeetingFab&quot;]&#039; does not exist in DOM anymore
For documentation on this error, please visit: https://www.selenium.dev/documentation/webdriver/troubleshooting/errors#stale-element-reference-exception
Build info: version: &#039;4.16.1&#039;, revision: &#039;9b4c83354e&#039;
System info: os.name: &#039;Windows 10&#039;, os.arch: &#039;amd64&#039;, os.version: &#039;10.0&#039;, java.version: &#039;17.0.6&#039;
Driver info: io.appium.java_client.android.AndroidDriver
Command: [e5ca825d-ac85-4750-b312-90691c42b51b, isElementSelected {id=00000000-0000-20b6-ffff-ffff00000d57}]
Capabilities {appium:appActivity: com.ssi.agroworlds.view.ui...., appium:appPackage: com.ssi.agroworlds, appium:autoGrantPermissions: true, appium:automationName: UiAutomator2, appium:databaseEnabled: false, appium:desired: {appActivity: com.ssi.agroworlds.view.ui...., appPackage: com.ssi.agroworlds, autoGrantPermissions: true, automationName: UiAutomator2, deviceName: vivo Y36, platformName: ANDROID, platformVersion: 13, udid: 10BDB70PG4000XX}, appium:deviceApiLevel: 33, appium:deviceManufacturer: vivo, appium:deviceModel: V2247, appium:deviceName: 10BDB70PG4000XX, appium:deviceScreenDensity: 440, appium:deviceScreenSize: 1080x2388, appium:deviceUDID: 10BDB70PG4000XX, appium:javascriptEnabled: true, appium:locationContextEnabled: false, appium:networkConnectionEnabled: true, appium:pixelRatio: 2.75, appium:platformVersion: 13, appium:statBarHeight: 99, appium:takesScreenshot: true, appium:udid: 10BDB70PG4000XX, appium:viewportRect: {height: 2103, left: 0, top: 99, width: 1080}, appium:warnings: {}, appium:webStorageEnabled: false, platformName: ANDROID}
Element: [[AndroidDriver:  on ANDROID (e5ca825d-ac85-4750-b312-90691c42b51b)] -&gt; xpath: //android.widget.ImageButton[@resource-id=&quot;com.ssi.agroworlds:id/createMeetingFab&quot;]]
Session ID: e5ca825d-ac85-4750-b312-90691c42b51b" type="org.openqa.selenium.StaleElementReferenceException">
      <![CDATA[org.openqa.selenium.StaleElementReferenceException: The element 'By.xpath: //android.widget.ImageButton[@resource-id="com.ssi.agroworlds:id/createMeetingFab"]' does not exist in DOM anymore
For documentation on this error, please visit: https://www.selenium.dev/documentation/webdriver/troubleshooting/errors#stale-element-reference-exception
Build info: version: '4.16.1', revision: '9b4c83354e'
System info: os.name: 'Windows 10', os.arch: 'amd64', os.version: '10.0', java.version: '17.0.6'
Driver info: io.appium.java_client.android.AndroidDriver
Command: [e5ca825d-ac85-4750-b312-90691c42b51b, isElementSelected {id=00000000-0000-20b6-ffff-ffff00000d57}]
Capabilities {appium:appActivity: com.ssi.agroworlds.view.ui...., appium:appPackage: com.ssi.agroworlds, appium:autoGrantPermissions: true, appium:automationName: UiAutomator2, appium:databaseEnabled: false, appium:desired: {appActivity: com.ssi.agroworlds.view.ui...., appPackage: com.ssi.agroworlds, autoGrantPermissions: true, automationName: UiAutomator2, deviceName: vivo Y36, platformName: ANDROID, platformVersion: 13, udid: 10BDB70PG4000XX}, appium:deviceApiLevel: 33, appium:deviceManufacturer: vivo, appium:deviceModel: V2247, appium:deviceName: 10BDB70PG4000XX, appium:deviceScreenDensity: 440, appium:deviceScreenSize: 1080x2388, appium:deviceUDID: 10BDB70PG4000XX, appium:javascriptEnabled: true, appium:locationContextEnabled: false, appium:networkConnectionEnabled: true, appium:pixelRatio: 2.75, appium:platformVersion: 13, appium:statBarHeight: 99, appium:takesScreenshot: true, appium:udid: 10BDB70PG4000XX, appium:viewportRect: {height: 2103, left: 0, top: 99, width: 1080}, appium:warnings: {}, appium:webStorageEnabled: false, platformName: ANDROID}
Element: [[AndroidDriver:  on ANDROID (e5ca825d-ac85-4750-b312-90691c42b51b)] -> xpath: //android.widget.ImageButton[@resource-id="com.ssi.agroworlds:id/createMeetingFab"]]
Session ID: e5ca825d-ac85-4750-b312-90691c42b51b
at java.base/jdk.internal.reflect.NativeConstructorAccessorImpl.newInstance0(Native Method)
at java.base/jdk.internal.reflect.NativeConstructorAccessorImpl.newInstance(NativeConstructorAccessorImpl.java:77)
at java.base/jdk.internal.reflect.DelegatingConstructorAccessorImpl.newInstance(DelegatingConstructorAccessorImpl.java:45)
at java.base/java.lang.reflect.Constructor.newInstanceWithCaller(Constructor.java:499)
at java.base/java.lang.reflect.Constructor.newInstance(Constructor.java:480)
at org.openqa.selenium.remote.codec.w3c.W3CHttpResponseCodec.createException(W3CHttpResponseCodec.java:200)
at org.openqa.selenium.remote.codec.w3c.W3CHttpResponseCodec.decode(W3CHttpResponseCodec.java:133)
at org.openqa.selenium.remote.codec.w3c.W3CHttpResponseCodec.decode(W3CHttpResponseCodec.java:52)
at org.openqa.selenium.remote.HttpCommandExecutor.execute(HttpCommandExecutor.java:191)
at io.appium.java_client.remote.AppiumCommandExecutor.execute(AppiumCommandExecutor.java:238)
at org.openqa.selenium.remote.RemoteWebDriver.execute(RemoteWebDriver.java:523)
at org.openqa.selenium.remote.RemoteWebElement.execute(RemoteWebElement.java:224)
at org.openqa.selenium.remote.RemoteWebElement.isSelected(RemoteWebElement.java:172)
at utility.Utility.isElementClickable(Utility.java:273)
at Resources.BDMClass.addMeetingForPotential(BDMClass.java:119)
at java.base/jdk.internal.reflect.NativeMethodAccessorImpl.invoke0(Native Method)
at java.base/jdk.internal.reflect.NativeMethodAccessorImpl.invoke(NativeMethodAccessorImpl.java:77)
at java.base/jdk.internal.reflect.DelegatingMethodAccessorImpl.invoke(DelegatingMethodAccessorImpl.java:43)
at java.base/java.lang.reflect.Method.invoke(Method.java:568)
at org.testng.internal.invokers.MethodInvocationHelper.invokeMethod(MethodInvocationHelper.java:139)
at org.testng.internal.invokers.TestInvoker.invokeMethod(TestInvoker.java:677)
at org.testng.internal.invokers.TestInvoker.invokeTestMethod(TestInvoker.java:221)
at org.testng.internal.invokers.MethodRunner.runInSequence(MethodRunner.java:50)
at org.testng.internal.invokers.TestInvoker$MethodInvocationAgent.invoke(TestInvoker.java:962)
at org.testng.internal.invokers.TestInvoker.invokeTestMethods(TestInvoker.java:194)
at org.testng.internal.invokers.TestMethodWorker.invokeTestMethods(TestMethodWorker.java:148)
at org.testng.internal.invokers.TestMethodWorker.run(TestMethodWorker.java:128)
at java.base/java.util.ArrayList.forEach(ArrayList.java:1511)
at org.testng.TestRunner.privateRun(TestRunner.java:806)
at org.testng.TestRunner.run(TestRunner.java:601)
at org.testng.SuiteRunner.runTest(SuiteRunner.java:433)
at org.testng.SuiteRunner.runSequentially(SuiteRunner.java:427)
at org.testng.SuiteRunner.privateRun(SuiteRunner.java:387)
at org.testng.SuiteRunner.run(SuiteRunner.java:330)
at org.testng.SuiteRunnerWorker.runSuite(SuiteRunnerWorker.java:52)
at org.testng.SuiteRunnerWorker.run(SuiteRunnerWorker.java:95)
at org.testng.TestNG.runSuitesSequentially(TestNG.java:1256)
at org.testng.TestNG.runSuitesLocally(TestNG.java:1176)
at org.testng.TestNG.runSuites(TestNG.java:1099)
at org.testng.TestNG.run(TestNG.java:1067)
at org.testng.remote.AbstractRemoteTestNG.run(AbstractRemoteTestNG.java:115)
at org.testng.remote.RemoteTestNG.initAndRun(RemoteTestNG.java:251)
at org.testng.remote.RemoteTestNG.main(RemoteTestNG.java:77)
]]>
    </error>
  </testcase> <!-- addMeetingForPotential -->
  <system-out/>
  <testcase classname="Resources.BDMClass" name="convertToClient" time="34.212">
    <error message="An element could not be located on the page using the given search parameters.
For documentation on this error, please visit: https://www.selenium.dev/documentation/webdriver/troubleshooting/errors#no-such-element-exception
Build info: version: &#039;4.16.1&#039;, revision: &#039;9b4c83354e&#039;
System info: os.name: &#039;Windows 10&#039;, os.arch: &#039;amd64&#039;, os.version: &#039;10.0&#039;, java.version: &#039;17.0.6&#039;
Driver info: io.appium.java_client.android.AndroidDriver
Command: [e5ca825d-ac85-4750-b312-90691c42b51b, findElement {using=-android uiautomator, value=new UiScrollable(new UiSelector().scrollable(true).instance(0)).scrollIntoView(new UiSelector().text(&quot;Potentials&quot;).instance(0))}]
Capabilities {appium:appActivity: com.ssi.agroworlds.view.ui...., appium:appPackage: com.ssi.agroworlds, appium:autoGrantPermissions: true, appium:automationName: UiAutomator2, appium:databaseEnabled: false, appium:desired: {appActivity: com.ssi.agroworlds.view.ui...., appPackage: com.ssi.agroworlds, autoGrantPermissions: true, automationName: UiAutomator2, deviceName: vivo Y36, platformName: ANDROID, platformVersion: 13, udid: 10BDB70PG4000XX}, appium:deviceApiLevel: 33, appium:deviceManufacturer: vivo, appium:deviceModel: V2247, appium:deviceName: 10BDB70PG4000XX, appium:deviceScreenDensity: 440, appium:deviceScreenSize: 1080x2388, appium:deviceUDID: 10BDB70PG4000XX, appium:javascriptEnabled: true, appium:locationContextEnabled: false, appium:networkConnectionEnabled: true, appium:pixelRatio: 2.75, appium:platformVersion: 13, appium:statBarHeight: 99, appium:takesScreenshot: true, appium:udid: 10BDB70PG4000XX, appium:viewportRect: {height: 2103, left: 0, top: 99, width: 1080}, appium:warnings: {}, appium:webStorageEnabled: false, platformName: ANDROID}
Session ID: e5ca825d-ac85-4750-b312-90691c42b51b" type="org.openqa.selenium.NoSuchElementException">
      <![CDATA[org.openqa.selenium.NoSuchElementException: An element could not be located on the page using the given search parameters.
For documentation on this error, please visit: https://www.selenium.dev/documentation/webdriver/troubleshooting/errors#no-such-element-exception
Build info: version: '4.16.1', revision: '9b4c83354e'
System info: os.name: 'Windows 10', os.arch: 'amd64', os.version: '10.0', java.version: '17.0.6'
Driver info: io.appium.java_client.android.AndroidDriver
Command: [e5ca825d-ac85-4750-b312-90691c42b51b, findElement {using=-android uiautomator, value=new UiScrollable(new UiSelector().scrollable(true).instance(0)).scrollIntoView(new UiSelector().text("Potentials").instance(0))}]
Capabilities {appium:appActivity: com.ssi.agroworlds.view.ui...., appium:appPackage: com.ssi.agroworlds, appium:autoGrantPermissions: true, appium:automationName: UiAutomator2, appium:databaseEnabled: false, appium:desired: {appActivity: com.ssi.agroworlds.view.ui...., appPackage: com.ssi.agroworlds, autoGrantPermissions: true, automationName: UiAutomator2, deviceName: vivo Y36, platformName: ANDROID, platformVersion: 13, udid: 10BDB70PG4000XX}, appium:deviceApiLevel: 33, appium:deviceManufacturer: vivo, appium:deviceModel: V2247, appium:deviceName: 10BDB70PG4000XX, appium:deviceScreenDensity: 440, appium:deviceScreenSize: 1080x2388, appium:deviceUDID: 10BDB70PG4000XX, appium:javascriptEnabled: true, appium:locationContextEnabled: false, appium:networkConnectionEnabled: true, appium:pixelRatio: 2.75, appium:platformVersion: 13, appium:statBarHeight: 99, appium:takesScreenshot: true, appium:udid: 10BDB70PG4000XX, appium:viewportRect: {height: 2103, left: 0, top: 99, width: 1080}, appium:warnings: {}, appium:webStorageEnabled: false, platformName: ANDROID}
Session ID: e5ca825d-ac85-4750-b312-90691c42b51b
at java.base/jdk.internal.reflect.NativeConstructorAccessorImpl.newInstance0(Native Method)
at java.base/jdk.internal.reflect.NativeConstructorAccessorImpl.newInstance(NativeConstructorAccessorImpl.java:77)
at java.base/jdk.internal.reflect.DelegatingConstructorAccessorImpl.newInstance(DelegatingConstructorAccessorImpl.java:45)
at java.base/java.lang.reflect.Constructor.newInstanceWithCaller(Constructor.java:499)
at java.base/java.lang.reflect.Constructor.newInstance(Constructor.java:480)
at org.openqa.selenium.remote.codec.w3c.W3CHttpResponseCodec.createException(W3CHttpResponseCodec.java:200)
at org.openqa.selenium.remote.codec.w3c.W3CHttpResponseCodec.decode(W3CHttpResponseCodec.java:133)
at org.openqa.selenium.remote.codec.w3c.W3CHttpResponseCodec.decode(W3CHttpResponseCodec.java:52)
at org.openqa.selenium.remote.HttpCommandExecutor.execute(HttpCommandExecutor.java:191)
at io.appium.java_client.remote.AppiumCommandExecutor.execute(AppiumCommandExecutor.java:238)
at org.openqa.selenium.remote.RemoteWebDriver.execute(RemoteWebDriver.java:523)
at org.openqa.selenium.remote.ElementLocation$ElementFinder$2.findElement(ElementLocation.java:165)
at org.openqa.selenium.remote.ElementLocation.findElement(ElementLocation.java:59)
at org.openqa.selenium.remote.RemoteWebDriver.findElement(RemoteWebDriver.java:360)
at org.openqa.selenium.remote.RemoteWebDriver.findElement(RemoteWebDriver.java:354)
at Resources.BDMClass.convertToClient(BDMClass.java:241)
at java.base/jdk.internal.reflect.NativeMethodAccessorImpl.invoke0(Native Method)
at java.base/jdk.internal.reflect.NativeMethodAccessorImpl.invoke(NativeMethodAccessorImpl.java:77)
at java.base/jdk.internal.reflect.DelegatingMethodAccessorImpl.invoke(DelegatingMethodAccessorImpl.java:43)
at java.base/java.lang.reflect.Method.invoke(Method.java:568)
at org.testng.internal.invokers.MethodInvocationHelper.invokeMethod(MethodInvocationHelper.java:139)
at org.testng.internal.invokers.TestInvoker.invokeMethod(TestInvoker.java:677)
at org.testng.internal.invokers.TestInvoker.invokeTestMethod(TestInvoker.java:221)
at org.testng.internal.invokers.MethodRunner.runInSequence(MethodRunner.java:50)
at org.testng.internal.invokers.TestInvoker$MethodInvocationAgent.invoke(TestInvoker.java:962)
at org.testng.internal.invokers.TestInvoker.invokeTestMethods(TestInvoker.java:194)
at org.testng.internal.invokers.TestMethodWorker.invokeTestMethods(TestMethodWorker.java:148)
at org.testng.internal.invokers.TestMethodWorker.run(TestMethodWorker.java:128)
at java.base/java.util.ArrayList.forEach(ArrayList.java:1511)
at org.testng.TestRunner.privateRun(TestRunner.java:806)
at org.testng.TestRunner.run(TestRunner.java:601)
at org.testng.SuiteRunner.runTest(SuiteRunner.java:433)
at org.testng.SuiteRunner.runSequentially(SuiteRunner.java:427)
at org.testng.SuiteRunner.privateRun(SuiteRunner.java:387)
at org.testng.SuiteRunner.run(SuiteRunner.java:330)
at org.testng.SuiteRunnerWorker.runSuite(SuiteRunnerWorker.java:52)
at org.testng.SuiteRunnerWorker.run(SuiteRunnerWorker.java:95)
at org.testng.TestNG.runSuitesSequentially(TestNG.java:1256)
at org.testng.TestNG.runSuitesLocally(TestNG.java:1176)
at org.testng.TestNG.runSuites(TestNG.java:1099)
at org.testng.TestNG.run(TestNG.java:1067)
at org.testng.remote.AbstractRemoteTestNG.run(AbstractRemoteTestNG.java:115)
at org.testng.remote.RemoteTestNG.initAndRun(RemoteTestNG.java:251)
at org.testng.remote.RemoteTestNG.main(RemoteTestNG.java:77)
]]>
    </error>
  </testcase> <!-- convertToClient -->
  <system-out/>
  <testcase classname="Resources.BDMClass" name="getLogout" time="32.268">
    <error message="An element could not be located on the page using the given search parameters.
For documentation on this error, please visit: https://www.selenium.dev/documentation/webdriver/troubleshooting/errors#no-such-element-exception
Build info: version: &#039;4.16.1&#039;, revision: &#039;9b4c83354e&#039;
System info: os.name: &#039;Windows 10&#039;, os.arch: &#039;amd64&#039;, os.version: &#039;10.0&#039;, java.version: &#039;17.0.6&#039;
Driver info: io.appium.java_client.android.AndroidDriver
Command: [e5ca825d-ac85-4750-b312-90691c42b51b, findElement {using=xpath, value=//android.widget.ImageView[@resource-id=&quot;com.ssi.agroworlds:id/menuOption&quot;]}]
Capabilities {appium:appActivity: com.ssi.agroworlds.view.ui...., appium:appPackage: com.ssi.agroworlds, appium:autoGrantPermissions: true, appium:automationName: UiAutomator2, appium:databaseEnabled: false, appium:desired: {appActivity: com.ssi.agroworlds.view.ui...., appPackage: com.ssi.agroworlds, autoGrantPermissions: true, automationName: UiAutomator2, deviceName: vivo Y36, platformName: ANDROID, platformVersion: 13, udid: 10BDB70PG4000XX}, appium:deviceApiLevel: 33, appium:deviceManufacturer: vivo, appium:deviceModel: V2247, appium:deviceName: 10BDB70PG4000XX, appium:deviceScreenDensity: 440, appium:deviceScreenSize: 1080x2388, appium:deviceUDID: 10BDB70PG4000XX, appium:javascriptEnabled: true, appium:locationContextEnabled: false, appium:networkConnectionEnabled: true, appium:pixelRatio: 2.75, appium:platformVersion: 13, appium:statBarHeight: 99, appium:takesScreenshot: true, appium:udid: 10BDB70PG4000XX, appium:viewportRect: {height: 2103, left: 0, top: 99, width: 1080}, appium:warnings: {}, appium:webStorageEnabled: false, platformName: ANDROID}
Session ID: e5ca825d-ac85-4750-b312-90691c42b51b" type="org.openqa.selenium.NoSuchElementException">
      <![CDATA[org.openqa.selenium.NoSuchElementException: An element could not be located on the page using the given search parameters.
For documentation on this error, please visit: https://www.selenium.dev/documentation/webdriver/troubleshooting/errors#no-such-element-exception
Build info: version: '4.16.1', revision: '9b4c83354e'
System info: os.name: 'Windows 10', os.arch: 'amd64', os.version: '10.0', java.version: '17.0.6'
Driver info: io.appium.java_client.android.AndroidDriver
Command: [e5ca825d-ac85-4750-b312-90691c42b51b, findElement {using=xpath, value=//android.widget.ImageView[@resource-id="com.ssi.agroworlds:id/menuOption"]}]
Capabilities {appium:appActivity: com.ssi.agroworlds.view.ui...., appium:appPackage: com.ssi.agroworlds, appium:autoGrantPermissions: true, appium:automationName: UiAutomator2, appium:databaseEnabled: false, appium:desired: {appActivity: com.ssi.agroworlds.view.ui...., appPackage: com.ssi.agroworlds, autoGrantPermissions: true, automationName: UiAutomator2, deviceName: vivo Y36, platformName: ANDROID, platformVersion: 13, udid: 10BDB70PG4000XX}, appium:deviceApiLevel: 33, appium:deviceManufacturer: vivo, appium:deviceModel: V2247, appium:deviceName: 10BDB70PG4000XX, appium:deviceScreenDensity: 440, appium:deviceScreenSize: 1080x2388, appium:deviceUDID: 10BDB70PG4000XX, appium:javascriptEnabled: true, appium:locationContextEnabled: false, appium:networkConnectionEnabled: true, appium:pixelRatio: 2.75, appium:platformVersion: 13, appium:statBarHeight: 99, appium:takesScreenshot: true, appium:udid: 10BDB70PG4000XX, appium:viewportRect: {height: 2103, left: 0, top: 99, width: 1080}, appium:warnings: {}, appium:webStorageEnabled: false, platformName: ANDROID}
Session ID: e5ca825d-ac85-4750-b312-90691c42b51b
at java.base/jdk.internal.reflect.NativeConstructorAccessorImpl.newInstance0(Native Method)
at java.base/jdk.internal.reflect.NativeConstructorAccessorImpl.newInstance(NativeConstructorAccessorImpl.java:77)
at java.base/jdk.internal.reflect.DelegatingConstructorAccessorImpl.newInstance(DelegatingConstructorAccessorImpl.java:45)
at java.base/java.lang.reflect.Constructor.newInstanceWithCaller(Constructor.java:499)
at java.base/java.lang.reflect.Constructor.newInstance(Constructor.java:480)
at org.openqa.selenium.remote.codec.w3c.W3CHttpResponseCodec.createException(W3CHttpResponseCodec.java:200)
at org.openqa.selenium.remote.codec.w3c.W3CHttpResponseCodec.decode(W3CHttpResponseCodec.java:133)
at org.openqa.selenium.remote.codec.w3c.W3CHttpResponseCodec.decode(W3CHttpResponseCodec.java:52)
at org.openqa.selenium.remote.HttpCommandExecutor.execute(HttpCommandExecutor.java:191)
at io.appium.java_client.remote.AppiumCommandExecutor.execute(AppiumCommandExecutor.java:238)
at org.openqa.selenium.remote.RemoteWebDriver.execute(RemoteWebDriver.java:523)
at org.openqa.selenium.remote.ElementLocation$ElementFinder$2.findElement(ElementLocation.java:165)
at org.openqa.selenium.remote.ElementLocation.findElement(ElementLocation.java:59)
at org.openqa.selenium.remote.RemoteWebDriver.findElement(RemoteWebDriver.java:360)
at org.openqa.selenium.remote.RemoteWebDriver.findElement(RemoteWebDriver.java:354)
at utility.Utility.logout(Utility.java:350)
at Resources.BDMClass.getLogout(BDMClass.java:279)
at java.base/jdk.internal.reflect.NativeMethodAccessorImpl.invoke0(Native Method)
at java.base/jdk.internal.reflect.NativeMethodAccessorImpl.invoke(NativeMethodAccessorImpl.java:77)
at java.base/jdk.internal.reflect.DelegatingMethodAccessorImpl.invoke(DelegatingMethodAccessorImpl.java:43)
at java.base/java.lang.reflect.Method.invoke(Method.java:568)
at org.testng.internal.invokers.MethodInvocationHelper.invokeMethod(MethodInvocationHelper.java:139)
at org.testng.internal.invokers.TestInvoker.invokeMethod(TestInvoker.java:677)
at org.testng.internal.invokers.TestInvoker.invokeTestMethod(TestInvoker.java:221)
at org.testng.internal.invokers.MethodRunner.runInSequence(MethodRunner.java:50)
at org.testng.internal.invokers.TestInvoker$MethodInvocationAgent.invoke(TestInvoker.java:962)
at org.testng.internal.invokers.TestInvoker.invokeTestMethods(TestInvoker.java:194)
at org.testng.internal.invokers.TestMethodWorker.invokeTestMethods(TestMethodWorker.java:148)
at org.testng.internal.invokers.TestMethodWorker.run(TestMethodWorker.java:128)
at java.base/java.util.ArrayList.forEach(ArrayList.java:1511)
at org.testng.TestRunner.privateRun(TestRunner.java:806)
at org.testng.TestRunner.run(TestRunner.java:601)
at org.testng.SuiteRunner.runTest(SuiteRunner.java:433)
at org.testng.SuiteRunner.runSequentially(SuiteRunner.java:427)
at org.testng.SuiteRunner.privateRun(SuiteRunner.java:387)
at org.testng.SuiteRunner.run(SuiteRunner.java:330)
at org.testng.SuiteRunnerWorker.runSuite(SuiteRunnerWorker.java:52)
at org.testng.SuiteRunnerWorker.run(SuiteRunnerWorker.java:95)
at org.testng.TestNG.runSuitesSequentially(TestNG.java:1256)
at org.testng.TestNG.runSuitesLocally(TestNG.java:1176)
at org.testng.TestNG.runSuites(TestNG.java:1099)
at org.testng.TestNG.run(TestNG.java:1067)
at org.testng.remote.AbstractRemoteTestNG.run(AbstractRemoteTestNG.java:115)
at org.testng.remote.RemoteTestNG.initAndRun(RemoteTestNG.java:251)
at org.testng.remote.RemoteTestNG.main(RemoteTestNG.java:77)
]]>
    </error>
  </testcase> <!-- getLogout -->
  <system-out/>
</testsuite> <!-- Resources.BDMClass -->
