<?xml version="1.0" encoding="UTF-8"?>
<!-- Generated by org.testng.reporters.JUnitReportReporter -->
<testsuite hostname="WBOX62" failures="0" tests="1" name="tests.BaseClass" time="0.009" errors="0" timestamp="2024-01-04T10:39:24 IST" skipped="0">
  <testcase classname="tests.BaseClass" name="sampletest" time="0.009"/>
  <system-out/>
</testsuite> <!-- tests.BaseClass -->
