<?xml version="1.0" encoding="UTF-8"?>
<!-- Generated by org.testng.reporters.JUnitReportReporter -->
<testsuite hostname="WBOX62" failures="0" tests="6" name="Resources.TestClass" time="182.633" errors="0" timestamp="2024-03-06T13:33:08 IST" skipped="0">
  <testcase classname="Resources.TestClass" name="getLogin" time="12.812"/>
  <system-out/>
  <testcase classname="Resources.TestClass" name="addLeadComapnyDeatail" time="73.082"/>
  <system-out/>
  <testcase classname="Resources.TestClass" name="productDetails" time="38.095"/>
  <system-out/>
  <testcase classname="Resources.TestClass" name="prospect" time="28.638"/>
  <system-out/>
  <testcase classname="Resources.TestClass" name="todaysFollowup" time="24.008"/>
  <system-out/>
  <testcase classname="Resources.TestClass" name="getLogout" time="5.998"/>
  <system-out/>
</testsuite> <!-- Resources.TestClass -->
