<?xml version="1.0" encoding="UTF-8"?>
<!-- Generated by org.testng.reporters.JUnitReportReporter -->
<testsuite hostname="WBOX62" failures="0" tests="7" name="tests.TestClass" time="179.277" errors="0" timestamp="2024-03-05T19:22:51 IST" skipped="0">
  <testcase classname="tests.TestClass" name="sampletest" time="0.008"/>
  <system-out/>
  <testcase classname="tests.TestClass" name="getLogin" time="11.399"/>
  <system-out/>
  <testcase classname="tests.TestClass" name="addLeadComapnyDeatail" time="70.301"/>
  <system-out/>
  <testcase classname="tests.TestClass" name="productDetails" time="38.502"/>
  <system-out/>
  <testcase classname="tests.TestClass" name="prospect" time="30.142"/>
  <system-out/>
  <testcase classname="tests.TestClass" name="todaysFollowup" time="22.468"/>
  <system-out/>
  <testcase classname="tests.TestClass" name="getLogout" time="6.457"/>
  <system-out/>
</testsuite> <!-- tests.TestClass -->
